<?xml version="1.0" encoding="UTF-8"?>
<!-- Generated by org.testng.reporters.JUnitReportReporter -->
<testsuite hostname="PC" failures="0" tests="3" name="Test_ng_4.TestTransformer" time="0.012" errors="0" timestamp="2025-08-22T12:06:59 IST" skipped="0">
  <testcase classname="Test_ng_4.TestTransformer" name="testTransformer" time="0.010"/>
  <testcase classname="Test_ng_4.TestTransformer" name="testTransformer" time="0.001"/>
  <testcase classname="Test_ng_4.TestTransformer" name="testTransformer" time="0.001"/>
</testsuite> <!-- Test_ng_4.TestTransformer -->
