<?xml version="1.0" encoding="UTF-8"?>
<!-- Generated by org.testng.reporters.JUnitReportReporter -->
<testsuite hostname="PC" failures="0" tests="3" name="Test_ng_4.datap" time="0.008" errors="0" timestamp="2025-08-22T12:35:41 IST" skipped="0">
  <testcase classname="Test_ng_4.datap" name="addNumbers" time="0.001"/>
  <testcase classname="Test_ng_4.datap" name="addNumbers" time="0.007"/>
  <testcase classname="Test_ng_4.datap" name="addNumbers" time="0.000"/>
</testsuite> <!-- Test_ng_4.datap -->
