<?xml version="1.0" encoding="UTF-8"?>
<!-- Generated by org.testng.reporters.JUnitReportReporter -->
<testsuite hostname="PC" failures="0" tests="2" name="Test_ng_3.SampleTest" time="0.009" errors="0" timestamp="2025-08-22T10:27:07 IST" skipped="0">
  <testcase classname="Test_ng_3.SampleTest" name="testPass" time="0.001"/>
  <testcase classname="Test_ng_3.SampleTest" name="testFail" time="0.008"/>
</testsuite> <!-- Test_ng_3.SampleTest -->
