<?xml version="1.0" encoding="UTF-8"?>
<!-- Generated by org.testng.reporters.JUnitReportReporter -->
<testsuite hostname="PC" failures="0" tests="1" name="Test_ng_2.AmazonTests" time="0.007" errors="0" timestamp="2025-08-20T14:58:22 IST" skipped="0">
  <testcase classname="Test_ng_2.AmazonTests" name="testLogin" time="0.007"/>
</testsuite> <!-- Test_ng_2.AmazonTests -->
