<?xml version="1.0" encoding="UTF-8"?>
<!-- Generated by org.testng.reporters.JUnitReportReporter -->
<testsuite hostname="PC" failures="0" tests="1" name="Test_ng_1.Test_NGDemo" time="3.168" errors="0" timestamp="2025-08-19T15:00:18 IST" skipped="0">
  <testcase classname="Test_ng_1.Test_NGDemo" name="testgoogleTitile" time="3.168"/>
</testsuite> <!-- Test_ng_1.Test_NGDemo -->
