<?xml version="1.0" encoding="UTF-8"?>
<!-- Generated by org.testng.reporters.JUnitReportReporter -->
<testsuite hostname="PC" failures="0" tests="1" name="Test_ng_4.DragDrop" time="19.351" errors="0" timestamp="2025-08-26T17:31:59 IST" skipped="0">
  <testcase classname="Test_ng_4.DragDrop" name="DragAndDrop" time="19.351"/>
</testsuite> <!-- Test_ng_4.DragDrop -->
