<?xml version="1.0" encoding="UTF-8"?>
<!-- Generated by org.testng.reporters.JUnitReportReporter -->
<testsuite hostname="PC" failures="0" tests="3" name="Test_ng_3.factories" time="3.924" errors="0" timestamp="2025-08-21T16:22:43 IST" skipped="0">
  <testcase classname="Test_ng_3.factories" name="HealthSetup" time="1.113"/>
  <testcase classname="Test_ng_3.factories" name="HealthSetup" time="1.031"/>
  <testcase classname="Test_ng_3.factories" name="HealthSetup" time="1.780"/>
</testsuite> <!-- Test_ng_3.factories -->
