<?xml version="1.0" encoding="UTF-8"?>
<!-- Generated by org.testng.reporters.JUnitReportReporter -->
<testsuite hostname="PC" failures="0" tests="2" name="Test_ng_4.Visualizer" time="0.010" errors="0" timestamp="2025-08-22T15:59:42 IST" skipped="0">
  <testcase classname="Test_ng_4.Visualizer" name="Method1" time="0.008"/>
  <testcase classname="Test_ng_4.Visualizer" name="Method2" time="0.002"/>
</testsuite> <!-- Test_ng_4.Visualizer -->
