<?xml version="1.0" encoding="UTF-8"?>
<!-- Generated by org.testng.reporters.JUnitReportReporter -->
<testsuite hostname="PC" failures="0" tests="1" name="Test_ng_4.ScreenShot" time="4.395" errors="0" timestamp="2025-08-26T16:57:50 IST" skipped="0">
  <testcase classname="Test_ng_4.ScreenShot" name="screenshot" time="4.395"/>
</testsuite> <!-- Test_ng_4.ScreenShot -->
