<?xml version="1.0" encoding="UTF-8"?>
<!-- Generated by org.testng.reporters.JUnitReportReporter -->
<testsuite hostname="PC" failures="0" tests="2" name="Test_ng_3.Dependencies" time="10.825" errors="0" timestamp="2025-08-21T16:22:43 IST" skipped="0">
  <testcase classname="Test_ng_3.Dependencies" name="Login" time="6.947"/>
  <testcase classname="Test_ng_3.Dependencies" name="HealthSetup" time="3.878"/>
</testsuite> <!-- Test_ng_3.Dependencies -->
