<?xml version="1.0" encoding="UTF-8"?>
<!-- Generated by org.testng.reporters.JUnitReportReporter -->
<testsuite hostname="PC" failures="0" tests="2" name="Test_ng_3.RetriableDataProviderSample" time="0.001" errors="0" timestamp="2025-08-21T16:22:43 IST" skipped="0">
  <testcase classname="Test_ng_3.RetriableDataProviderSample" name="sampleTestMethod" time="0.001"/>
  <testcase classname="Test_ng_3.RetriableDataProviderSample" name="sampleTestMethod" time="0.000"/>
</testsuite> <!-- Test_ng_3.RetriableDataProviderSample -->
