<?xml version="1.0" encoding="UTF-8"?>
<!-- Generated by org.testng.reporters.JUnitReportReporter -->
<testsuite hostname="PC" failures="0" tests="1" name="Test_ng_3.AmazonLogin" time="8.656" errors="0" timestamp="2025-08-26T13:07:53 IST" skipped="0">
  <testcase classname="Test_ng_3.AmazonLogin" name="loginTest" time="8.656"/>
</testsuite> <!-- Test_ng_3.AmazonLogin -->
