<?xml version="1.0" encoding="UTF-8"?>
<!-- Generated by org.testng.reporters.JUnitReportReporter -->
<testsuite hostname="PC" failures="0" tests="1" name="Test_ng_4.TestClass" time="0.007" errors="0" timestamp="2025-08-22T10:42:09 IST" skipped="0">
  <testcase classname="Test_ng_4.TestClass" name="testMethodOne" time="0.007"/>
</testsuite> <!-- Test_ng_4.TestClass -->
