<?xml version="1.0" encoding="UTF-8"?>
<!-- Generated by org.testng.reporters.JUnitReportReporter -->
<testsuite hostname="PC" failures="0" tests="1" name="testRunner.TransferRunner" time="20.399" errors="0" timestamp="2025-09-06T11:16:28 IST" skipped="0">
  <testcase classname="testRunner.TransferRunner" name="runScenario" time="20.399"/>
</testsuite> <!-- testRunner.TransferRunner -->
