<?xml version="1.0" encoding="UTF-8"?>
<!-- Generated by org.testng.reporters.JUnitReportReporter -->
<testsuite hostname="PC" failures="0" tests="3" name="testRunner.LoginRunner" time="52.295" errors="0" timestamp="2025-09-06T11:16:28 IST" skipped="0">
  <testcase classname="testRunner.LoginRunner" name="runScenario" time="13.313"/>
  <testcase classname="testRunner.LoginRunner" name="runScenario" time="24.868"/>
  <testcase classname="testRunner.LoginRunner" name="runScenario" time="14.114"/>
</testsuite> <!-- testRunner.LoginRunner -->
